28-Sep-2025 17:25:35 | INFO    | Your Klayout version is: KLayout 0.30.2
28-Sep-2025 17:25:36 | INFO    | ## Generating template with for the following rule tables: ['comp.drc']
28-Sep-2025 17:25:36 | INFO    | ## Your run dir located at: /foss/designs/integration_padframe_2025_sscs/review/results
28-Sep-2025 17:25:36 | INFO    | ## Generating template with for the following rule tables: ['contact.drc']
28-Sep-2025 17:25:36 | INFO    | ## Your run dir located at: /foss/designs/integration_padframe_2025_sscs/review/results
28-Sep-2025 17:25:36 | INFO    | ## Generating template with for the following rule tables: ['dnwell.drc']
28-Sep-2025 17:25:36 | INFO    | ## Your run dir located at: /foss/designs/integration_padframe_2025_sscs/review/results
28-Sep-2025 17:25:36 | INFO    | ## Generating template with for the following rule tables: ['drc_bjt.drc']
28-Sep-2025 17:25:36 | INFO    | ## Your run dir located at: /foss/designs/integration_padframe_2025_sscs/review/results
28-Sep-2025 17:25:36 | INFO    | ## Generating template with for the following rule tables: ['dualgate.drc']
28-Sep-2025 17:25:36 | INFO    | ## Your run dir located at: /foss/designs/integration_padframe_2025_sscs/review/results
28-Sep-2025 17:25:36 | INFO    | ## Generating template with for the following rule tables: ['dummy_exclude.drc']
28-Sep-2025 17:25:36 | INFO    | ## Your run dir located at: /foss/designs/integration_padframe_2025_sscs/review/results
28-Sep-2025 17:25:36 | INFO    | ## Generating template with for the following rule tables: ['efuse.drc']
28-Sep-2025 17:25:36 | INFO    | ## Your run dir located at: /foss/designs/integration_padframe_2025_sscs/review/results
28-Sep-2025 17:25:36 | INFO    | ## Generating template with for the following rule tables: ['esd.drc']
28-Sep-2025 17:25:36 | INFO    | ## Your run dir located at: /foss/designs/integration_padframe_2025_sscs/review/results
28-Sep-2025 17:25:36 | INFO    | ## Generating template with for the following rule tables: ['geom.drc']
28-Sep-2025 17:25:36 | INFO    | ## Your run dir located at: /foss/designs/integration_padframe_2025_sscs/review/results
28-Sep-2025 17:25:36 | INFO    | ## Generating template with for the following rule tables: ['hres.drc']
28-Sep-2025 17:25:36 | INFO    | ## Your run dir located at: /foss/designs/integration_padframe_2025_sscs/review/results
28-Sep-2025 17:25:36 | INFO    | ## Generating template with for the following rule tables: ['ldnmos.drc']
28-Sep-2025 17:25:36 | INFO    | ## Your run dir located at: /foss/designs/integration_padframe_2025_sscs/review/results
28-Sep-2025 17:25:36 | INFO    | ## Generating template with for the following rule tables: ['ldpmos.drc']
28-Sep-2025 17:25:36 | INFO    | ## Your run dir located at: /foss/designs/integration_padframe_2025_sscs/review/results
28-Sep-2025 17:25:36 | INFO    | ## Generating template with for the following rule tables: ['lres.drc']
28-Sep-2025 17:25:36 | INFO    | ## Your run dir located at: /foss/designs/integration_padframe_2025_sscs/review/results
28-Sep-2025 17:25:36 | INFO    | ## Generating template with for the following rule tables: ['lvpwell.drc']
28-Sep-2025 17:25:36 | INFO    | ## Your run dir located at: /foss/designs/integration_padframe_2025_sscs/review/results
28-Sep-2025 17:25:36 | INFO    | ## Generating template with for the following rule tables: ['lvs_bjt.drc']
28-Sep-2025 17:25:36 | INFO    | ## Your run dir located at: /foss/designs/integration_padframe_2025_sscs/review/results
28-Sep-2025 17:25:36 | INFO    | ## Generating template with for the following rule tables: ['mcell.drc']
28-Sep-2025 17:25:36 | INFO    | ## Your run dir located at: /foss/designs/integration_padframe_2025_sscs/review/results
28-Sep-2025 17:25:36 | INFO    | ## Generating template with for the following rule tables: ['metal1.drc']
28-Sep-2025 17:25:36 | INFO    | ## Your run dir located at: /foss/designs/integration_padframe_2025_sscs/review/results
28-Sep-2025 17:25:36 | INFO    | ## Generating template with for the following rule tables: ['metal2.drc']
28-Sep-2025 17:25:36 | INFO    | ## Your run dir located at: /foss/designs/integration_padframe_2025_sscs/review/results
28-Sep-2025 17:25:36 | INFO    | ## Generating template with for the following rule tables: ['metal3.drc']
28-Sep-2025 17:25:36 | INFO    | ## Your run dir located at: /foss/designs/integration_padframe_2025_sscs/review/results
28-Sep-2025 17:25:36 | INFO    | ## Generating template with for the following rule tables: ['metal4.drc']
28-Sep-2025 17:25:36 | INFO    | ## Your run dir located at: /foss/designs/integration_padframe_2025_sscs/review/results
28-Sep-2025 17:25:36 | INFO    | ## Generating template with for the following rule tables: ['metal5.drc']
28-Sep-2025 17:25:36 | INFO    | ## Your run dir located at: /foss/designs/integration_padframe_2025_sscs/review/results
28-Sep-2025 17:25:36 | INFO    | ## Generating template with for the following rule tables: ['metaltop.drc']
28-Sep-2025 17:25:36 | INFO    | ## Your run dir located at: /foss/designs/integration_padframe_2025_sscs/review/results
28-Sep-2025 17:25:36 | INFO    | ## Generating template with for the following rule tables: ['metaltop_30k.drc']
28-Sep-2025 17:25:36 | INFO    | ## Your run dir located at: /foss/designs/integration_padframe_2025_sscs/review/results
28-Sep-2025 17:25:36 | INFO    | ## Generating template with for the following rule tables: ['mim_a.drc']
28-Sep-2025 17:25:36 | INFO    | ## Your run dir located at: /foss/designs/integration_padframe_2025_sscs/review/results
28-Sep-2025 17:25:36 | INFO    | ## Generating template with for the following rule tables: ['mim_b.drc']
28-Sep-2025 17:25:36 | INFO    | ## Your run dir located at: /foss/designs/integration_padframe_2025_sscs/review/results
28-Sep-2025 17:25:36 | INFO    | ## Generating template with for the following rule tables: ['nat.drc']
28-Sep-2025 17:25:36 | INFO    | ## Your run dir located at: /foss/designs/integration_padframe_2025_sscs/review/results
28-Sep-2025 17:25:36 | INFO    | ## Generating template with for the following rule tables: ['nplus.drc']
28-Sep-2025 17:25:36 | INFO    | ## Your run dir located at: /foss/designs/integration_padframe_2025_sscs/review/results
28-Sep-2025 17:25:36 | INFO    | ## Generating template with for the following rule tables: ['nwell.drc']
28-Sep-2025 17:25:36 | INFO    | ## Your run dir located at: /foss/designs/integration_padframe_2025_sscs/review/results
28-Sep-2025 17:25:36 | INFO    | ## Generating template with for the following rule tables: ['otp_mk.drc']
28-Sep-2025 17:25:36 | INFO    | ## Your run dir located at: /foss/designs/integration_padframe_2025_sscs/review/results
28-Sep-2025 17:25:36 | INFO    | ## Generating template with for the following rule tables: ['poly2.drc']
28-Sep-2025 17:25:36 | INFO    | ## Your run dir located at: /foss/designs/integration_padframe_2025_sscs/review/results
28-Sep-2025 17:25:36 | INFO    | ## Generating template with for the following rule tables: ['pplus.drc']
28-Sep-2025 17:25:36 | INFO    | ## Your run dir located at: /foss/designs/integration_padframe_2025_sscs/review/results
28-Sep-2025 17:25:36 | INFO    | ## Generating template with for the following rule tables: ['pres.drc']
28-Sep-2025 17:25:36 | INFO    | ## Your run dir located at: /foss/designs/integration_padframe_2025_sscs/review/results
28-Sep-2025 17:25:36 | INFO    | ## Generating template with for the following rule tables: ['sab.drc']
28-Sep-2025 17:25:36 | INFO    | ## Your run dir located at: /foss/designs/integration_padframe_2025_sscs/review/results
28-Sep-2025 17:25:36 | INFO    | ## Generating template with for the following rule tables: ['sram_3p3.drc']
28-Sep-2025 17:25:36 | INFO    | ## Your run dir located at: /foss/designs/integration_padframe_2025_sscs/review/results
28-Sep-2025 17:25:36 | INFO    | ## Generating template with for the following rule tables: ['sram_5p0.drc']
28-Sep-2025 17:25:36 | INFO    | ## Your run dir located at: /foss/designs/integration_padframe_2025_sscs/review/results
28-Sep-2025 17:25:36 | INFO    | ## Generating template with for the following rule tables: ['via1.drc']
28-Sep-2025 17:25:36 | INFO    | ## Your run dir located at: /foss/designs/integration_padframe_2025_sscs/review/results
28-Sep-2025 17:25:36 | INFO    | ## Generating template with for the following rule tables: ['via2.drc']
28-Sep-2025 17:25:36 | INFO    | ## Your run dir located at: /foss/designs/integration_padframe_2025_sscs/review/results
28-Sep-2025 17:25:36 | INFO    | ## Generating template with for the following rule tables: ['via3.drc']
28-Sep-2025 17:25:36 | INFO    | ## Your run dir located at: /foss/designs/integration_padframe_2025_sscs/review/results
28-Sep-2025 17:25:36 | INFO    | ## Generating template with for the following rule tables: ['via4.drc']
28-Sep-2025 17:25:36 | INFO    | ## Your run dir located at: /foss/designs/integration_padframe_2025_sscs/review/results
28-Sep-2025 17:25:36 | INFO    | ## Generating template with for the following rule tables: ['via5.drc']
28-Sep-2025 17:25:36 | INFO    | ## Your run dir located at: /foss/designs/integration_padframe_2025_sscs/review/results
28-Sep-2025 17:25:36 | INFO    | ## Generating template with for the following rule tables: ['ymtp_mk.drc']
28-Sep-2025 17:25:36 | INFO    | ## Your run dir located at: /foss/designs/integration_padframe_2025_sscs/review/results
28-Sep-2025 17:25:36 | INFO    | Running Global Foundries 180nm MCU /foss/designs/integration_padframe_2025_sscs/review/Chipathon2025_3_padring_integrated.gds checks on design comp on cell Chipathon2025_3_padring:
28-Sep-2025 17:25:36 | INFO    | Running Global Foundries 180nm MCU /foss/designs/integration_padframe_2025_sscs/review/Chipathon2025_3_padring_integrated.gds checks on design contact on cell Chipathon2025_3_padring:
28-Sep-2025 17:25:36 | INFO    | Running Global Foundries 180nm MCU /foss/designs/integration_padframe_2025_sscs/review/Chipathon2025_3_padring_integrated.gds checks on design dnwell on cell Chipathon2025_3_padring:
28-Sep-2025 17:25:36 | INFO    | Running Global Foundries 180nm MCU /foss/designs/integration_padframe_2025_sscs/review/Chipathon2025_3_padring_integrated.gds checks on design drc_bjt on cell Chipathon2025_3_padring:
28-Sep-2025 17:25:36 | INFO    | Running Global Foundries 180nm MCU /foss/designs/integration_padframe_2025_sscs/review/Chipathon2025_3_padring_integrated.gds checks on design dualgate on cell Chipathon2025_3_padring:
28-Sep-2025 17:25:36 | INFO    | Running Global Foundries 180nm MCU /foss/designs/integration_padframe_2025_sscs/review/Chipathon2025_3_padring_integrated.gds checks on design dummy_exclude on cell Chipathon2025_3_padring:
28-Sep-2025 17:25:36 | INFO    | Running Global Foundries 180nm MCU /foss/designs/integration_padframe_2025_sscs/review/Chipathon2025_3_padring_integrated.gds checks on design efuse on cell Chipathon2025_3_padring:
28-Sep-2025 17:25:36 | INFO    | Running Global Foundries 180nm MCU /foss/designs/integration_padframe_2025_sscs/review/Chipathon2025_3_padring_integrated.gds checks on design esd on cell Chipathon2025_3_padring:
28-Sep-2025 17:25:36 | INFO    | Running Global Foundries 180nm MCU /foss/designs/integration_padframe_2025_sscs/review/Chipathon2025_3_padring_integrated.gds checks on design geom on cell Chipathon2025_3_padring:
28-Sep-2025 17:25:36 | INFO    | Running Global Foundries 180nm MCU /foss/designs/integration_padframe_2025_sscs/review/Chipathon2025_3_padring_integrated.gds checks on design hres on cell Chipathon2025_3_padring:
28-Sep-2025 17:26:57 | INFO    | Running Global Foundries 180nm MCU /foss/designs/integration_padframe_2025_sscs/review/Chipathon2025_3_padring_integrated.gds checks on design ldnmos on cell Chipathon2025_3_padring:
28-Sep-2025 17:26:58 | INFO    | Running Global Foundries 180nm MCU /foss/designs/integration_padframe_2025_sscs/review/Chipathon2025_3_padring_integrated.gds checks on design ldpmos on cell Chipathon2025_3_padring:
28-Sep-2025 17:27:01 | INFO    | Running Global Foundries 180nm MCU /foss/designs/integration_padframe_2025_sscs/review/Chipathon2025_3_padring_integrated.gds checks on design lres on cell Chipathon2025_3_padring:
28-Sep-2025 17:27:02 | INFO    | Running Global Foundries 180nm MCU /foss/designs/integration_padframe_2025_sscs/review/Chipathon2025_3_padring_integrated.gds checks on design lvpwell on cell Chipathon2025_3_padring:
28-Sep-2025 17:27:18 | INFO    | Running Global Foundries 180nm MCU /foss/designs/integration_padframe_2025_sscs/review/Chipathon2025_3_padring_integrated.gds checks on design lvs_bjt on cell Chipathon2025_3_padring:
28-Sep-2025 17:27:18 | INFO    | Running Global Foundries 180nm MCU /foss/designs/integration_padframe_2025_sscs/review/Chipathon2025_3_padring_integrated.gds checks on design mcell on cell Chipathon2025_3_padring:
28-Sep-2025 17:27:19 | INFO    | Running Global Foundries 180nm MCU /foss/designs/integration_padframe_2025_sscs/review/Chipathon2025_3_padring_integrated.gds checks on design metal1 on cell Chipathon2025_3_padring:
28-Sep-2025 17:27:27 | INFO    | Running Global Foundries 180nm MCU /foss/designs/integration_padframe_2025_sscs/review/Chipathon2025_3_padring_integrated.gds checks on design metal2 on cell Chipathon2025_3_padring:
28-Sep-2025 17:28:43 | INFO    | Running Global Foundries 180nm MCU /foss/designs/integration_padframe_2025_sscs/review/Chipathon2025_3_padring_integrated.gds checks on design metal3 on cell Chipathon2025_3_padring:
28-Sep-2025 17:28:44 | INFO    | Running Global Foundries 180nm MCU /foss/designs/integration_padframe_2025_sscs/review/Chipathon2025_3_padring_integrated.gds checks on design metal4 on cell Chipathon2025_3_padring:
28-Sep-2025 17:28:47 | INFO    | Running Global Foundries 180nm MCU /foss/designs/integration_padframe_2025_sscs/review/Chipathon2025_3_padring_integrated.gds checks on design metal5 on cell Chipathon2025_3_padring:
28-Sep-2025 17:28:52 | INFO    | Running Global Foundries 180nm MCU /foss/designs/integration_padframe_2025_sscs/review/Chipathon2025_3_padring_integrated.gds checks on design metaltop on cell Chipathon2025_3_padring:
28-Sep-2025 17:28:53 | INFO    | Running Global Foundries 180nm MCU /foss/designs/integration_padframe_2025_sscs/review/Chipathon2025_3_padring_integrated.gds checks on design metaltop_30k on cell Chipathon2025_3_padring:
28-Sep-2025 17:29:01 | INFO    | Running Global Foundries 180nm MCU /foss/designs/integration_padframe_2025_sscs/review/Chipathon2025_3_padring_integrated.gds checks on design mim_a on cell Chipathon2025_3_padring:
28-Sep-2025 17:29:07 | INFO    | Running Global Foundries 180nm MCU /foss/designs/integration_padframe_2025_sscs/review/Chipathon2025_3_padring_integrated.gds checks on design mim_b on cell Chipathon2025_3_padring:
28-Sep-2025 17:30:40 | INFO    | Running Global Foundries 180nm MCU /foss/designs/integration_padframe_2025_sscs/review/Chipathon2025_3_padring_integrated.gds checks on design nat on cell Chipathon2025_3_padring:
28-Sep-2025 17:30:41 | INFO    | Running Global Foundries 180nm MCU /foss/designs/integration_padframe_2025_sscs/review/Chipathon2025_3_padring_integrated.gds checks on design nplus on cell Chipathon2025_3_padring:
28-Sep-2025 17:30:46 | INFO    | Running Global Foundries 180nm MCU /foss/designs/integration_padframe_2025_sscs/review/Chipathon2025_3_padring_integrated.gds checks on design nwell on cell Chipathon2025_3_padring:
28-Sep-2025 17:30:50 | INFO    | Running Global Foundries 180nm MCU /foss/designs/integration_padframe_2025_sscs/review/Chipathon2025_3_padring_integrated.gds checks on design otp_mk on cell Chipathon2025_3_padring:
28-Sep-2025 17:30:59 | INFO    | Running Global Foundries 180nm MCU /foss/designs/integration_padframe_2025_sscs/review/Chipathon2025_3_padring_integrated.gds checks on design poly2 on cell Chipathon2025_3_padring:
28-Sep-2025 17:31:06 | INFO    | Running Global Foundries 180nm MCU /foss/designs/integration_padframe_2025_sscs/review/Chipathon2025_3_padring_integrated.gds checks on design pplus on cell Chipathon2025_3_padring:
28-Sep-2025 17:31:54 | INFO    | Running Global Foundries 180nm MCU /foss/designs/integration_padframe_2025_sscs/review/Chipathon2025_3_padring_integrated.gds checks on design pres on cell Chipathon2025_3_padring:
28-Sep-2025 17:32:33 | INFO    | Running Global Foundries 180nm MCU /foss/designs/integration_padframe_2025_sscs/review/Chipathon2025_3_padring_integrated.gds checks on design sab on cell Chipathon2025_3_padring:
28-Sep-2025 17:32:38 | INFO    | Running Global Foundries 180nm MCU /foss/designs/integration_padframe_2025_sscs/review/Chipathon2025_3_padring_integrated.gds checks on design sram_3p3 on cell Chipathon2025_3_padring:
28-Sep-2025 17:32:41 | INFO    | Running Global Foundries 180nm MCU /foss/designs/integration_padframe_2025_sscs/review/Chipathon2025_3_padring_integrated.gds checks on design sram_5p0 on cell Chipathon2025_3_padring:
28-Sep-2025 17:32:45 | INFO    | Running Global Foundries 180nm MCU /foss/designs/integration_padframe_2025_sscs/review/Chipathon2025_3_padring_integrated.gds checks on design via1 on cell Chipathon2025_3_padring:
28-Sep-2025 17:32:49 | INFO    | Running Global Foundries 180nm MCU /foss/designs/integration_padframe_2025_sscs/review/Chipathon2025_3_padring_integrated.gds checks on design via2 on cell Chipathon2025_3_padring:
28-Sep-2025 17:32:55 | INFO    | Running Global Foundries 180nm MCU /foss/designs/integration_padframe_2025_sscs/review/Chipathon2025_3_padring_integrated.gds checks on design via3 on cell Chipathon2025_3_padring:
28-Sep-2025 17:32:59 | INFO    | Running Global Foundries 180nm MCU /foss/designs/integration_padframe_2025_sscs/review/Chipathon2025_3_padring_integrated.gds checks on design via4 on cell Chipathon2025_3_padring:
28-Sep-2025 17:33:41 | INFO    | Running Global Foundries 180nm MCU /foss/designs/integration_padframe_2025_sscs/review/Chipathon2025_3_padring_integrated.gds checks on design via5 on cell Chipathon2025_3_padring:
28-Sep-2025 17:34:17 | INFO    | Running Global Foundries 180nm MCU /foss/designs/integration_padframe_2025_sscs/review/Chipathon2025_3_padring_integrated.gds checks on design ymtp_mk on cell Chipathon2025_3_padring:
28-Sep-2025 17:45:52 | ERROR   | Klayout DRC run is not clean.
28-Sep-2025 17:45:52 | ERROR   | Violated rules are : {'NW.2b_MV', 'M2.2a', 'V1.4a', 'PL.5a_MV', 'dnwell_OFFGRID', 'PP.3e', 'V1.2a', 'metal2_OFFGRID', 'CO.1', 'M4.2b', 'V4.4c', 'NP.6', 'metal5_OFFGRID', 'contact_OFFGRID', 'PP.5b', 'DV.6', 'PP.5dii', 'M1.2a', 'V2.3b', 'metal4_OFFGRID', 'DF.4d_MV', 'pplus_OFFGRID', 'DV.7', 'DF.16_MV', 'comp_OFFGRID', 'NP.3e', 'PL.12', 'nplus_OFFGRID', 'V2.4c', 'DF.18', 'M2.label_on_metal', 'M3.2b', 'MIMTM.10', 'M1.label_on_metal', 'PP.5di', 'MT.2b', 'metal1_OFFGRID', 'NP.5di', 'NP.5dii', 'V1.3d', 'V1.4c', 'nwell_OFFGRID', 'V2.3d', 'V1.1', 'CO.5b', 'lvpwell_OFFGRID', 'PP.3d', 'poly2_OFFGRID', 'PL.5b_MV', 'NW.1a_LV', 'NP.5b', 'PP.4b', 'DF.17_MV', 'CO.2a', 'DF.4c_MV', 'NP.3d', 'DF.3b', 'PP.2'}

