28-Sep-2025 17:20:02 | INFO    | Your Klayout version is: KLayout 0.30.2
28-Sep-2025 17:20:01 | INFO    | ## Generating template with for the following rule tables: ['comp.drc']
28-Sep-2025 17:20:01 | INFO    | ## Your run dir located at: /foss/designs/integration_padframe_2025_sscs/review/results
28-Sep-2025 17:20:01 | INFO    | ## Generating template with for the following rule tables: ['contact.drc']
28-Sep-2025 17:20:01 | INFO    | ## Your run dir located at: /foss/designs/integration_padframe_2025_sscs/review/results
28-Sep-2025 17:20:01 | INFO    | ## Generating template with for the following rule tables: ['dnwell.drc']
28-Sep-2025 17:20:01 | INFO    | ## Your run dir located at: /foss/designs/integration_padframe_2025_sscs/review/results
28-Sep-2025 17:20:01 | INFO    | ## Generating template with for the following rule tables: ['drc_bjt.drc']
28-Sep-2025 17:20:01 | INFO    | ## Your run dir located at: /foss/designs/integration_padframe_2025_sscs/review/results
28-Sep-2025 17:20:01 | INFO    | ## Generating template with for the following rule tables: ['dualgate.drc']
28-Sep-2025 17:20:01 | INFO    | ## Your run dir located at: /foss/designs/integration_padframe_2025_sscs/review/results
28-Sep-2025 17:20:01 | INFO    | ## Generating template with for the following rule tables: ['dummy_exclude.drc']
28-Sep-2025 17:20:01 | INFO    | ## Your run dir located at: /foss/designs/integration_padframe_2025_sscs/review/results
28-Sep-2025 17:20:01 | INFO    | ## Generating template with for the following rule tables: ['efuse.drc']
28-Sep-2025 17:20:01 | INFO    | ## Your run dir located at: /foss/designs/integration_padframe_2025_sscs/review/results
28-Sep-2025 17:20:01 | INFO    | ## Generating template with for the following rule tables: ['esd.drc']
28-Sep-2025 17:20:01 | INFO    | ## Your run dir located at: /foss/designs/integration_padframe_2025_sscs/review/results
28-Sep-2025 17:20:01 | INFO    | ## Generating template with for the following rule tables: ['geom.drc']
28-Sep-2025 17:20:01 | INFO    | ## Your run dir located at: /foss/designs/integration_padframe_2025_sscs/review/results
28-Sep-2025 17:20:01 | INFO    | ## Generating template with for the following rule tables: ['hres.drc']
28-Sep-2025 17:20:01 | INFO    | ## Your run dir located at: /foss/designs/integration_padframe_2025_sscs/review/results
28-Sep-2025 17:20:01 | INFO    | ## Generating template with for the following rule tables: ['ldnmos.drc']
28-Sep-2025 17:20:01 | INFO    | ## Your run dir located at: /foss/designs/integration_padframe_2025_sscs/review/results
28-Sep-2025 17:20:01 | INFO    | ## Generating template with for the following rule tables: ['ldpmos.drc']
28-Sep-2025 17:20:01 | INFO    | ## Your run dir located at: /foss/designs/integration_padframe_2025_sscs/review/results
28-Sep-2025 17:20:01 | INFO    | ## Generating template with for the following rule tables: ['lres.drc']
28-Sep-2025 17:20:01 | INFO    | ## Your run dir located at: /foss/designs/integration_padframe_2025_sscs/review/results
28-Sep-2025 17:20:01 | INFO    | ## Generating template with for the following rule tables: ['lvpwell.drc']
28-Sep-2025 17:20:01 | INFO    | ## Your run dir located at: /foss/designs/integration_padframe_2025_sscs/review/results
28-Sep-2025 17:20:02 | INFO    | ## Generating template with for the following rule tables: ['lvs_bjt.drc']
28-Sep-2025 17:20:02 | INFO    | ## Your run dir located at: /foss/designs/integration_padframe_2025_sscs/review/results
28-Sep-2025 17:20:02 | INFO    | ## Generating template with for the following rule tables: ['mcell.drc']
28-Sep-2025 17:20:02 | INFO    | ## Your run dir located at: /foss/designs/integration_padframe_2025_sscs/review/results
28-Sep-2025 17:20:02 | INFO    | ## Generating template with for the following rule tables: ['metal1.drc']
28-Sep-2025 17:20:02 | INFO    | ## Your run dir located at: /foss/designs/integration_padframe_2025_sscs/review/results
28-Sep-2025 17:20:02 | INFO    | ## Generating template with for the following rule tables: ['metal2.drc']
28-Sep-2025 17:20:02 | INFO    | ## Your run dir located at: /foss/designs/integration_padframe_2025_sscs/review/results
28-Sep-2025 17:20:02 | INFO    | ## Generating template with for the following rule tables: ['metal3.drc']
28-Sep-2025 17:20:02 | INFO    | ## Your run dir located at: /foss/designs/integration_padframe_2025_sscs/review/results
28-Sep-2025 17:20:02 | INFO    | ## Generating template with for the following rule tables: ['metal4.drc']
28-Sep-2025 17:20:02 | INFO    | ## Your run dir located at: /foss/designs/integration_padframe_2025_sscs/review/results
28-Sep-2025 17:20:02 | INFO    | ## Generating template with for the following rule tables: ['metal5.drc']
28-Sep-2025 17:20:02 | INFO    | ## Your run dir located at: /foss/designs/integration_padframe_2025_sscs/review/results
28-Sep-2025 17:20:02 | INFO    | ## Generating template with for the following rule tables: ['metaltop.drc']
28-Sep-2025 17:20:02 | INFO    | ## Your run dir located at: /foss/designs/integration_padframe_2025_sscs/review/results
28-Sep-2025 17:20:02 | INFO    | ## Generating template with for the following rule tables: ['metaltop_30k.drc']
28-Sep-2025 17:20:02 | INFO    | ## Your run dir located at: /foss/designs/integration_padframe_2025_sscs/review/results
28-Sep-2025 17:20:02 | INFO    | ## Generating template with for the following rule tables: ['mim_a.drc']
28-Sep-2025 17:20:02 | INFO    | ## Your run dir located at: /foss/designs/integration_padframe_2025_sscs/review/results
28-Sep-2025 17:20:02 | INFO    | ## Generating template with for the following rule tables: ['mim_b.drc']
28-Sep-2025 17:20:02 | INFO    | ## Your run dir located at: /foss/designs/integration_padframe_2025_sscs/review/results
28-Sep-2025 17:20:02 | INFO    | ## Generating template with for the following rule tables: ['nat.drc']
28-Sep-2025 17:20:02 | INFO    | ## Your run dir located at: /foss/designs/integration_padframe_2025_sscs/review/results
28-Sep-2025 17:20:02 | INFO    | ## Generating template with for the following rule tables: ['nplus.drc']
28-Sep-2025 17:20:02 | INFO    | ## Your run dir located at: /foss/designs/integration_padframe_2025_sscs/review/results
28-Sep-2025 17:20:02 | INFO    | ## Generating template with for the following rule tables: ['nwell.drc']
28-Sep-2025 17:20:02 | INFO    | ## Your run dir located at: /foss/designs/integration_padframe_2025_sscs/review/results
28-Sep-2025 17:20:02 | INFO    | ## Generating template with for the following rule tables: ['otp_mk.drc']
28-Sep-2025 17:20:02 | INFO    | ## Your run dir located at: /foss/designs/integration_padframe_2025_sscs/review/results
28-Sep-2025 17:20:02 | INFO    | ## Generating template with for the following rule tables: ['poly2.drc']
28-Sep-2025 17:20:02 | INFO    | ## Your run dir located at: /foss/designs/integration_padframe_2025_sscs/review/results
28-Sep-2025 17:20:02 | INFO    | ## Generating template with for the following rule tables: ['pplus.drc']
28-Sep-2025 17:20:02 | INFO    | ## Your run dir located at: /foss/designs/integration_padframe_2025_sscs/review/results
28-Sep-2025 17:20:02 | INFO    | ## Generating template with for the following rule tables: ['pres.drc']
28-Sep-2025 17:20:02 | INFO    | ## Your run dir located at: /foss/designs/integration_padframe_2025_sscs/review/results
28-Sep-2025 17:20:02 | INFO    | ## Generating template with for the following rule tables: ['sab.drc']
28-Sep-2025 17:20:02 | INFO    | ## Your run dir located at: /foss/designs/integration_padframe_2025_sscs/review/results
28-Sep-2025 17:20:02 | INFO    | ## Generating template with for the following rule tables: ['sram_3p3.drc']
28-Sep-2025 17:20:02 | INFO    | ## Your run dir located at: /foss/designs/integration_padframe_2025_sscs/review/results
28-Sep-2025 17:20:02 | INFO    | ## Generating template with for the following rule tables: ['sram_5p0.drc']
28-Sep-2025 17:20:02 | INFO    | ## Your run dir located at: /foss/designs/integration_padframe_2025_sscs/review/results
28-Sep-2025 17:20:02 | INFO    | ## Generating template with for the following rule tables: ['via1.drc']
28-Sep-2025 17:20:02 | INFO    | ## Your run dir located at: /foss/designs/integration_padframe_2025_sscs/review/results
28-Sep-2025 17:20:02 | INFO    | ## Generating template with for the following rule tables: ['via2.drc']
28-Sep-2025 17:20:02 | INFO    | ## Your run dir located at: /foss/designs/integration_padframe_2025_sscs/review/results
28-Sep-2025 17:20:02 | INFO    | ## Generating template with for the following rule tables: ['via3.drc']
28-Sep-2025 17:20:02 | INFO    | ## Your run dir located at: /foss/designs/integration_padframe_2025_sscs/review/results
28-Sep-2025 17:20:02 | INFO    | ## Generating template with for the following rule tables: ['via4.drc']
28-Sep-2025 17:20:02 | INFO    | ## Your run dir located at: /foss/designs/integration_padframe_2025_sscs/review/results
28-Sep-2025 17:20:02 | INFO    | ## Generating template with for the following rule tables: ['via5.drc']
28-Sep-2025 17:20:02 | INFO    | ## Your run dir located at: /foss/designs/integration_padframe_2025_sscs/review/results
28-Sep-2025 17:20:02 | INFO    | ## Generating template with for the following rule tables: ['ymtp_mk.drc']
28-Sep-2025 17:20:02 | INFO    | ## Your run dir located at: /foss/designs/integration_padframe_2025_sscs/review/results
28-Sep-2025 17:20:02 | INFO    | Running Global Foundries 180nm MCU /foss/designs/integration_padframe_2025_sscs/review/Chipathon2025_3_padring_integrated.gds checks on design comp on cell Chipathon2025_3_padring:
28-Sep-2025 17:20:02 | INFO    | Running Global Foundries 180nm MCU /foss/designs/integration_padframe_2025_sscs/review/Chipathon2025_3_padring_integrated.gds checks on design contact on cell Chipathon2025_3_padring:
28-Sep-2025 17:20:02 | INFO    | Running Global Foundries 180nm MCU /foss/designs/integration_padframe_2025_sscs/review/Chipathon2025_3_padring_integrated.gds checks on design dnwell on cell Chipathon2025_3_padring:
28-Sep-2025 17:20:02 | INFO    | Running Global Foundries 180nm MCU /foss/designs/integration_padframe_2025_sscs/review/Chipathon2025_3_padring_integrated.gds checks on design drc_bjt on cell Chipathon2025_3_padring:
28-Sep-2025 17:20:02 | INFO    | Running Global Foundries 180nm MCU /foss/designs/integration_padframe_2025_sscs/review/Chipathon2025_3_padring_integrated.gds checks on design dualgate on cell Chipathon2025_3_padring:
28-Sep-2025 17:20:02 | INFO    | Running Global Foundries 180nm MCU /foss/designs/integration_padframe_2025_sscs/review/Chipathon2025_3_padring_integrated.gds checks on design dummy_exclude on cell Chipathon2025_3_padring:
28-Sep-2025 17:20:02 | INFO    | Running Global Foundries 180nm MCU /foss/designs/integration_padframe_2025_sscs/review/Chipathon2025_3_padring_integrated.gds checks on design efuse on cell Chipathon2025_3_padring:
28-Sep-2025 17:20:02 | INFO    | Running Global Foundries 180nm MCU /foss/designs/integration_padframe_2025_sscs/review/Chipathon2025_3_padring_integrated.gds checks on design esd on cell Chipathon2025_3_padring:
28-Sep-2025 17:20:02 | INFO    | Running Global Foundries 180nm MCU /foss/designs/integration_padframe_2025_sscs/review/Chipathon2025_3_padring_integrated.gds checks on design geom on cell Chipathon2025_3_padring:
28-Sep-2025 17:20:02 | INFO    | Running Global Foundries 180nm MCU /foss/designs/integration_padframe_2025_sscs/review/Chipathon2025_3_padring_integrated.gds checks on design hres on cell Chipathon2025_3_padring:
28-Sep-2025 17:20:16 | INFO    | Running Global Foundries 180nm MCU /foss/designs/integration_padframe_2025_sscs/review/Chipathon2025_3_padring_integrated.gds checks on design ldnmos on cell Chipathon2025_3_padring:
28-Sep-2025 17:20:17 | INFO    | Running Global Foundries 180nm MCU /foss/designs/integration_padframe_2025_sscs/review/Chipathon2025_3_padring_integrated.gds checks on design ldpmos on cell Chipathon2025_3_padring:
28-Sep-2025 17:20:20 | INFO    | Running Global Foundries 180nm MCU /foss/designs/integration_padframe_2025_sscs/review/Chipathon2025_3_padring_integrated.gds checks on design lres on cell Chipathon2025_3_padring:
28-Sep-2025 17:20:20 | INFO    | Running Global Foundries 180nm MCU /foss/designs/integration_padframe_2025_sscs/review/Chipathon2025_3_padring_integrated.gds checks on design lvpwell on cell Chipathon2025_3_padring:
28-Sep-2025 17:20:20 | INFO    | Running Global Foundries 180nm MCU /foss/designs/integration_padframe_2025_sscs/review/Chipathon2025_3_padring_integrated.gds checks on design lvs_bjt on cell Chipathon2025_3_padring:
28-Sep-2025 17:20:21 | INFO    | Running Global Foundries 180nm MCU /foss/designs/integration_padframe_2025_sscs/review/Chipathon2025_3_padring_integrated.gds checks on design mcell on cell Chipathon2025_3_padring:
28-Sep-2025 17:20:23 | INFO    | Running Global Foundries 180nm MCU /foss/designs/integration_padframe_2025_sscs/review/Chipathon2025_3_padring_integrated.gds checks on design metal1 on cell Chipathon2025_3_padring:
28-Sep-2025 17:20:31 | INFO    | Running Global Foundries 180nm MCU /foss/designs/integration_padframe_2025_sscs/review/Chipathon2025_3_padring_integrated.gds checks on design metal2 on cell Chipathon2025_3_padring:
28-Sep-2025 17:20:36 | INFO    | Running Global Foundries 180nm MCU /foss/designs/integration_padframe_2025_sscs/review/Chipathon2025_3_padring_integrated.gds checks on design metal3 on cell Chipathon2025_3_padring:
28-Sep-2025 17:20:42 | INFO    | Running Global Foundries 180nm MCU /foss/designs/integration_padframe_2025_sscs/review/Chipathon2025_3_padring_integrated.gds checks on design metal4 on cell Chipathon2025_3_padring:
28-Sep-2025 17:20:38 | INFO    | Running Global Foundries 180nm MCU /foss/designs/integration_padframe_2025_sscs/review/Chipathon2025_3_padring_integrated.gds checks on design metal5 on cell Chipathon2025_3_padring:
28-Sep-2025 17:20:38 | INFO    | Running Global Foundries 180nm MCU /foss/designs/integration_padframe_2025_sscs/review/Chipathon2025_3_padring_integrated.gds checks on design metaltop on cell Chipathon2025_3_padring:
28-Sep-2025 17:20:40 | INFO    | Running Global Foundries 180nm MCU /foss/designs/integration_padframe_2025_sscs/review/Chipathon2025_3_padring_integrated.gds checks on design metaltop_30k on cell Chipathon2025_3_padring:
28-Sep-2025 17:20:43 | INFO    | Running Global Foundries 180nm MCU /foss/designs/integration_padframe_2025_sscs/review/Chipathon2025_3_padring_integrated.gds checks on design mim_a on cell Chipathon2025_3_padring:
28-Sep-2025 17:20:45 | INFO    | Running Global Foundries 180nm MCU /foss/designs/integration_padframe_2025_sscs/review/Chipathon2025_3_padring_integrated.gds checks on design mim_b on cell Chipathon2025_3_padring:
28-Sep-2025 17:20:48 | INFO    | Running Global Foundries 180nm MCU /foss/designs/integration_padframe_2025_sscs/review/Chipathon2025_3_padring_integrated.gds checks on design nat on cell Chipathon2025_3_padring:
28-Sep-2025 17:20:55 | INFO    | Running Global Foundries 180nm MCU /foss/designs/integration_padframe_2025_sscs/review/Chipathon2025_3_padring_integrated.gds checks on design nplus on cell Chipathon2025_3_padring:
28-Sep-2025 17:20:56 | INFO    | Running Global Foundries 180nm MCU /foss/designs/integration_padframe_2025_sscs/review/Chipathon2025_3_padring_integrated.gds checks on design nwell on cell Chipathon2025_3_padring:
28-Sep-2025 17:20:57 | INFO    | Running Global Foundries 180nm MCU /foss/designs/integration_padframe_2025_sscs/review/Chipathon2025_3_padring_integrated.gds checks on design otp_mk on cell Chipathon2025_3_padring:
28-Sep-2025 17:20:57 | INFO    | Running Global Foundries 180nm MCU /foss/designs/integration_padframe_2025_sscs/review/Chipathon2025_3_padring_integrated.gds checks on design poly2 on cell Chipathon2025_3_padring:
28-Sep-2025 17:20:59 | INFO    | Running Global Foundries 180nm MCU /foss/designs/integration_padframe_2025_sscs/review/Chipathon2025_3_padring_integrated.gds checks on design pplus on cell Chipathon2025_3_padring:
28-Sep-2025 17:21:02 | INFO    | Running Global Foundries 180nm MCU /foss/designs/integration_padframe_2025_sscs/review/Chipathon2025_3_padring_integrated.gds checks on design pres on cell Chipathon2025_3_padring:
28-Sep-2025 17:21:17 | INFO    | Running Global Foundries 180nm MCU /foss/designs/integration_padframe_2025_sscs/review/Chipathon2025_3_padring_integrated.gds checks on design sab on cell Chipathon2025_3_padring:
28-Sep-2025 17:21:18 | INFO    | Running Global Foundries 180nm MCU /foss/designs/integration_padframe_2025_sscs/review/Chipathon2025_3_padring_integrated.gds checks on design sram_3p3 on cell Chipathon2025_3_padring:
28-Sep-2025 17:21:22 | INFO    | Running Global Foundries 180nm MCU /foss/designs/integration_padframe_2025_sscs/review/Chipathon2025_3_padring_integrated.gds checks on design sram_5p0 on cell Chipathon2025_3_padring:
28-Sep-2025 17:21:23 | INFO    | Running Global Foundries 180nm MCU /foss/designs/integration_padframe_2025_sscs/review/Chipathon2025_3_padring_integrated.gds checks on design via1 on cell Chipathon2025_3_padring:
28-Sep-2025 17:21:26 | INFO    | Running Global Foundries 180nm MCU /foss/designs/integration_padframe_2025_sscs/review/Chipathon2025_3_padring_integrated.gds checks on design via2 on cell Chipathon2025_3_padring:
28-Sep-2025 17:21:26 | INFO    | Running Global Foundries 180nm MCU /foss/designs/integration_padframe_2025_sscs/review/Chipathon2025_3_padring_integrated.gds checks on design via3 on cell Chipathon2025_3_padring:
28-Sep-2025 17:21:27 | INFO    | Running Global Foundries 180nm MCU /foss/designs/integration_padframe_2025_sscs/review/Chipathon2025_3_padring_integrated.gds checks on design via4 on cell Chipathon2025_3_padring:
28-Sep-2025 17:21:36 | INFO    | Running Global Foundries 180nm MCU /foss/designs/integration_padframe_2025_sscs/review/Chipathon2025_3_padring_integrated.gds checks on design via5 on cell Chipathon2025_3_padring:
28-Sep-2025 17:21:37 | INFO    | Running Global Foundries 180nm MCU /foss/designs/integration_padframe_2025_sscs/review/Chipathon2025_3_padring_integrated.gds checks on design ymtp_mk on cell Chipathon2025_3_padring:
28-Sep-2025 17:22:23 | ERROR   | Klayout DRC run is not clean.
28-Sep-2025 17:22:23 | ERROR   | Violated rules are : {'V1.3d', 'nplus_OFFGRID', 'metal2_OFFGRID', 'poly2_OFFGRID', 'lvpwell_OFFGRID', 'pplus_OFFGRID', 'dnwell_OFFGRID', 'metal5_OFFGRID', 'V4.4c', 'nwell_OFFGRID', 'PP.2', 'contact_OFFGRID', 'M1.label_on_metal', 'MIMTM.10', 'comp_OFFGRID', 'V2.3b', 'DF.18', 'V1.4c', 'V2.3d', 'NW.1a_LV', 'V1.4a', 'M1.2a', 'metal4_OFFGRID', 'M2.label_on_metal', 'V2.4c', 'metal1_OFFGRID'}

